0 info it worked if it ends with ok
1 verbose cli [ 'D:\\nodejs\\node.exe',
1 verbose cli   'D:\\nodejs\\node_modules\\npm\\bin\\npm-cli.js',
1 verbose cli   'start' ]
2 info using npm@3.10.9
3 info using node@v6.9.2
4 verbose run-script [ 'prestart', 'start', 'poststart' ]
5 info lifecycle express-vue-super-simple@1.0.0~prestart: express-vue-super-simple@1.0.0
6 silly lifecycle express-vue-super-simple@1.0.0~prestart: no script for prestart, continuing
7 info lifecycle express-vue-super-simple@1.0.0~start: express-vue-super-simple@1.0.0
8 verbose lifecycle express-vue-super-simple@1.0.0~start: unsafe-perm in lifecycle true
9 verbose lifecycle express-vue-super-simple@1.0.0~start: PATH: D:\nodejs\node_modules\npm\bin\node-gyp-bin;D:\nodejs\express-vue\express-vue-super-simple\node_modules\.bin;C:\Users\wanda\AppData\Roaming\npm;D:\nodejs\;C:\Windows\system32;C:\Windows;C:\Windows\System32\Wbem;C:\Windows\System32\WindowsPowerShell\v1.0\;C:\Program Files\TortoiseGit\bin;C:\Program Files\Java\jdk1.7.0_79\bin;D:/maven/apache-maven-3.3.3\bin;D:\Git\bin;D:\xampp\php;C:\ProgramData\ComposerSetup\bin;D:\nodejs\;D:\apache-maven-3.2.5\bin;D:\Program Files (x86)\Ruby22-x64\bin;C:\Users\wanda\AppData\Local\Microsoft\WindowsApps;D:\MongoDB\bin;C:\Users\wanda\AppData\Roaming\Composer\vendor\bin;C:\Users\wanda\AppData\Roaming\npm
10 verbose lifecycle express-vue-super-simple@1.0.0~start: CWD: D:\nodejs\express-vue\express-vue-super-simple
11 silly lifecycle express-vue-super-simple@1.0.0~start: Args: [ '/d /s /c', 'node index.js' ]
12 silly lifecycle express-vue-super-simple@1.0.0~start: Returned: code: 3221225786  signal: null
13 info lifecycle express-vue-super-simple@1.0.0~start: Failed to exec start script
14 verbose stack Error: express-vue-super-simple@1.0.0 start: `node index.js`
14 verbose stack Exit status 3221225786
14 verbose stack     at EventEmitter.<anonymous> (D:\nodejs\node_modules\npm\lib\utils\lifecycle.js:255:16)
14 verbose stack     at emitTwo (events.js:106:13)
14 verbose stack     at EventEmitter.emit (events.js:191:7)
14 verbose stack     at ChildProcess.<anonymous> (D:\nodejs\node_modules\npm\lib\utils\spawn.js:40:14)
14 verbose stack     at emitTwo (events.js:106:13)
14 verbose stack     at ChildProcess.emit (events.js:191:7)
14 verbose stack     at maybeClose (internal/child_process.js:877:16)
14 verbose stack     at Process.ChildProcess._handle.onexit (internal/child_process.js:226:5)
15 verbose pkgid express-vue-super-simple@1.0.0
16 verbose cwd D:\nodejs\express-vue\express-vue-super-simple
17 error Windows_NT 10.0.14393
18 error argv "D:\\nodejs\\node.exe" "D:\\nodejs\\node_modules\\npm\\bin\\npm-cli.js" "start"
19 error node v6.9.2
20 error npm  v3.10.9
21 error code ELIFECYCLE
22 error express-vue-super-simple@1.0.0 start: `node index.js`
22 error Exit status 3221225786
23 error Failed at the express-vue-super-simple@1.0.0 start script 'node index.js'.
23 error Make sure you have the latest version of node.js and npm installed.
23 error If you do, this is most likely a problem with the express-vue-super-simple package,
23 error not with npm itself.
23 error Tell the author that this fails on your system:
23 error     node index.js
23 error You can get information on how to open an issue for this project with:
23 error     npm bugs express-vue-super-simple
23 error Or if that isn't available, you can get their info via:
23 error     npm owner ls express-vue-super-simple
23 error There is likely additional logging output above.
24 verbose exit [ 1, true ]
